<?xml version="1.0" encoding="UTF-8"?>
<!-- Generated by org.testng.reporters.JUnitReportReporter -->
<testsuite hostname="hydpcm390779d6" failures="0" tests="1" name="testNG.MultipleTests" time="0.003" errors="0" timestamp="2020-03-05T12:11:44 IST" skipped="0">
  <testcase classname="testNG.MultipleTests" name="f" time="0.003"/>
</testsuite> <!-- testNG.MultipleTests -->
