<?xml version="1.0" encoding="UTF-8"?>
<!-- Generated by org.testng.reporters.JUnitReportReporter -->
<testsuite skipped="0" hostname="DESKTOP-JOUO7GT" name="Testing.Linksnewtours" tests="1" failures="0" timestamp="21 Oct 2017 14:49:50 GMT" time="37.975" errors="0">
  <testcase name="newtours" time="37.975" classname="Testing.Linksnewtours"/>
</testsuite> <!-- Testing.Linksnewtours -->
