<?xml version="1.0" encoding="UTF-8"?>
<!-- Generated by org.testng.reporters.JUnitReportReporter -->
<testsuite skipped="0" hostname="DESKTOP-JOUO7GT" name="Testing.LinksBing" tests="1" failures="0" timestamp="21 Oct 2017 14:49:50 GMT" time="34.248" errors="0">
  <testcase name="Bing" time="34.248" classname="Testing.LinksBing"/>
</testsuite> <!-- Testing.LinksBing -->
